TN:
SF:script/DeployRouterFactory.s.sol
DA:37,0
FN:37,DeployRouterFactory.run
FNDA:0,DeployRouterFactory.run
DA:38,0
DA:39,0
DA:48,0
DA:49,0
DA:50,0
DA:52,0
FNF:1
FNH:0
LF:7
LH:0
BRF:0
BRH:0
end_of_record
TN:
SF:src/RouterFactory.sol
DA:25,18
FN:25,RouterFactory.constructor
FNDA:18,RouterFactory.constructor
DA:31,18
DA:32,18
DA:33,18
DA:34,18
DA:45,38
FN:45,RouterFactory.newRouterStrategy
FNDA:38,RouterFactory.newRouterStrategy
DA:50,38
BRDA:50,0,0,1
BRDA:50,0,1,37
DA:53,37
BRDA:53,1,0,1
BRDA:53,1,1,36
DA:56,36
DA:60,18
DA:62,18
DA:64,18
DA:66,18
DA:68,18
DA:70,18
DA:71,18
DA:78,2
FN:78,RouterFactory.isDeployedStrategy
FNDA:2,RouterFactory.isDeployedStrategy
DA:81,2
BRDA:81,2,0,2
DA:82,1
DA:83,1
BRDA:83,2,1,1
DA:85,1
DA:96,5
FN:96,RouterFactory.setAddresses
FNDA:5,RouterFactory.setAddresses
DA:102,5
BRDA:102,3,0,1
BRDA:102,3,1,4
DA:103,4
BRDA:103,4,0,3
BRDA:103,4,1,1
DA:109,1
DA:110,1
DA:111,1
DA:112,1
FNF:4
FNH:4
LF:28
LH:28
BRF:10
BRH:10
end_of_record
TN:
SF:src/RouterV2.sol
DA:23,36
FN:23,RouterV2.constructor
FNDA:36,RouterV2.constructor
DA:28,36
DA:29,36
BRDA:29,0,0,18
BRDA:29,0,1,18
DA:31,18
DA:39,532
FN:39,RouterV2.balanceOfAsset
FNDA:532,RouterV2.balanceOfAsset
DA:40,1592
DA:46,265
FN:46,RouterV2.balanceOfVault
FNDA:265,RouterV2.balanceOfVault
DA:47,4239
DA:54,532
FN:54,RouterV2.valueOfVault
FNDA:532,RouterV2.valueOfVault
DA:55,1592
DA:56,1592
DA:64,2
FN:64,RouterV2.claimableProfits
FNDA:2,RouterV2.claimableProfits
DA:65,2
DA:66,2
DA:68,2
BRDA:68,1,0,1
BRDA:68,1,1,1
DA:70,1
DA:73,1
DA:79,1853
FN:79,RouterV2._deployFunds
FNDA:1853,RouterV2._deployFunds
DA:80,1853
BRDA:80,2,0,1853
DA:81,1853
DA:85,2382
FN:85,RouterV2._freeFunds
FNDA:2382,RouterV2._freeFunds
DA:87,2382
DA:88,2382
DA:90,2382
BRDA:90,3,0,266
BRDA:90,3,1,2116
DA:91,266
DA:94,2116
DA:100,2116
BRDA:100,4,0,628
DA:104,2382
BRDA:104,5,0,2116
DA:105,2116
DA:109,1058
FN:109,RouterV2._harvestAndReport
FNDA:1058,RouterV2._harvestAndReport
DA:114,1058
DA:117,1871
FN:117,RouterV2.availableDepositLimit
FNDA:1871,RouterV2.availableDepositLimit
DA:121,1853
BRDA:121,6,0,1853
BRDA:121,6,1,1853
DA:122,1853
DA:123,1853
DA:125,1853
BRDA:125,7,0,1853
DA:127,1853
DA:131,18
DA:135,266
FN:135,RouterV2._emergencyWithdraw
FNDA:266,RouterV2._emergencyWithdraw
DA:136,266
DA:146,2
FN:146,RouterV2.setMaxLoss
FNDA:2,RouterV2.setMaxLoss
DA:147,2
BRDA:147,8,0,1
BRDA:147,8,1,1
DA:148,1
DA:156,18
FN:156,RouterV2.setAllowed
FNDA:18,RouterV2.setAllowed
DA:160,18
FNF:12
FNH:12
LF:45
LH:45
BRF:14
BRH:14
end_of_record
TN:
SF:src/ShareValueHelper.sol
DA:20,2116
FN:20,ShareValueHelper.amountToShares
FNDA:2116,ShareValueHelper.amountToShares
DA:25,2116
DA:26,2116
BRDA:26,0,0,2116
DA:27,2116
BRDA:27,1,0,2116
BRDA:27,1,1,-
DA:28,2116
DA:33,0
DA:45,1592
FN:45,ShareValueHelper.sharesToAmount
FNDA:1592,ShareValueHelper.sharesToAmount
DA:50,1592
DA:51,1592
DA:53,1592
DA:55,0
BRDA:55,3,0,-
BRDA:55,3,1,1592
DA:56,0
DA:58,1592
DA:62,3708
FN:62,ShareValueHelper.calculateFreeFunds
FNDA:3708,ShareValueHelper.calculateFreeFunds
DA:65,3708
DA:66,3708
DA:68,3708
DA:70,3708
BRDA:70,4,0,-
BRDA:70,4,1,-
DA:71,0
DA:72,0
DA:73,0
DA:75,3708
FNF:3
FNH:3
LF:22
LH:16
BRF:7
BRH:3
end_of_record
TN:
SF:src/periphery/StrategyAprOracle.sol
DA:28,265
FN:28,StrategyAprOracle.aprAfterDebtChange
FNDA:265,StrategyAprOracle.aprAfterDebtChange
DA:34,265
FNF:1
FNH:1
LF:2
LH:2
BRF:0
BRH:0
end_of_record
