TN:
SF:src/RouterV2.sol
DA:21,11
FN:21,RouterV2.constructor
FNDA:11,RouterV2.constructor
DA:26,11
DA:27,11
BRDA:27,0,0,-
BRDA:27,0,1,11
DA:29,11
DA:37,524
FN:37,RouterV2.balanceOfAsset
FNDA:524,RouterV2.balanceOfAsset
DA:38,1570
DA:44,261
FN:44,RouterV2.balanceOfVault
FNDA:261,RouterV2.balanceOfVault
DA:45,4183
DA:52,524
FN:52,RouterV2.valueOfVault
FNDA:524,RouterV2.valueOfVault
DA:53,1570
DA:54,1570
DA:63,1829
FN:63,RouterV2._deployFunds
FNDA:1829,RouterV2._deployFunds
DA:64,1829
DA:66,1829
BRDA:66,1,0,1829
DA:67,1829
DA:71,2352
FN:71,RouterV2._freeFunds
FNDA:2352,RouterV2._freeFunds
DA:73,2352
DA:74,2352
DA:76,2352
BRDA:76,2,0,262
BRDA:76,2,1,2090
DA:77,262
DA:80,2090
DA:86,2090
BRDA:86,3,0,640
DA:90,2352
BRDA:90,4,0,2090
DA:91,2090
DA:95,1046
FN:95,RouterV2._harvestAndReport
FNDA:1046,RouterV2._harvestAndReport
DA:100,1046
DA:103,1829
FN:103,RouterV2.availableDepositLimit
FNDA:1829,RouterV2.availableDepositLimit
DA:106,1829
DA:107,1829
DA:109,1829
BRDA:109,5,0,1829
DA:111,1829
DA:116,262
FN:116,RouterV2._emergencyWithdraw
FNDA:262,RouterV2._emergencyWithdraw
DA:117,262
FNF:9
FNH:9
LF:33
LH:33
BRF:8
BRH:7
end_of_record
TN:
SF:src/ShareValueHelper.sol
DA:19,2090
FN:19,ShareValueHelper.amountToShares
FNDA:2090,ShareValueHelper.amountToShares
DA:24,2090
DA:25,2090
BRDA:25,0,0,2090
DA:26,2090
BRDA:26,1,0,2090
BRDA:26,1,1,-
DA:27,2090
DA:32,0
DA:43,1570
FN:43,ShareValueHelper.sharesToAmount
FNDA:1570,ShareValueHelper.sharesToAmount
DA:48,1570
DA:49,1570
DA:51,1570
DA:53,0
BRDA:53,3,0,-
BRDA:53,3,1,1570
DA:54,0
DA:56,1570
DA:60,3660
FN:60,ShareValueHelper.calculateFreeFunds
FNDA:3660,ShareValueHelper.calculateFreeFunds
DA:63,3660
DA:64,3660
DA:66,3660
DA:68,3660
BRDA:68,4,0,-
BRDA:68,4,1,-
DA:69,0
DA:70,0
DA:71,0
DA:73,3660
FNF:3
FNH:3
LF:22
LH:16
BRF:7
BRH:3
end_of_record
TN:
SF:src/StrategyFactory.sol
DA:19,11
FN:19,StrategyFactory.constructor
FNDA:11,StrategyFactory.constructor
DA:25,11
DA:26,11
DA:27,11
DA:28,11
DA:36,11
FN:36,StrategyFactory.newStrategy
FNDA:11,StrategyFactory.newStrategy
DA:42,11
DA:46,11
DA:48,11
DA:50,11
DA:52,11
DA:54,11
DA:56,11
DA:57,11
DA:60,0
FN:60,StrategyFactory.setAddresses
FNDA:0,StrategyFactory.setAddresses
DA:65,0
BRDA:65,0,0,-
BRDA:65,0,1,-
DA:66,0
DA:67,0
DA:68,0
DA:71,0
FN:71,StrategyFactory.isDeployedStrategy
FNDA:0,StrategyFactory.isDeployedStrategy
DA:74,0
DA:75,0
FNF:4
FNH:2
LF:22
LH:14
BRF:2
BRH:0
end_of_record
TN:
SF:src/periphery/StrategyAprOracle.sol
DA:28,261
FN:28,StrategyAprOracle.aprAfterDebtChange
FNDA:261,StrategyAprOracle.aprAfterDebtChange
DA:34,261
FNF:1
FNH:1
LF:2
LH:2
BRF:0
BRH:0
end_of_record
TN:
SF:src/test/utils/ExtendedTest.sol
DA:8,0
FN:8,ExtendedTest.assertNeq
FNDA:0,ExtendedTest.assertNeq
DA:9,0
BRDA:9,0,0,-
DA:10,0
DA:11,0
DA:12,0
DA:13,0
DA:21,0
FN:21,ExtendedTest.assertRelApproxEq
FNDA:0,ExtendedTest.assertRelApproxEq
DA:26,0
DA:27,0
DA:29,0
BRDA:29,1,0,-
DA:30,0
DA:31,0
DA:32,0
DA:33,0
DA:34,0
DA:35,0
DA:41,0
FN:41,ExtendedTest.assertApproxEq
FNDA:0,ExtendedTest.assertApproxEq
DA:46,0
BRDA:46,2,0,-
BRDA:46,2,1,-
DA:47,0
BRDA:47,3,0,-
DA:48,0
DA:49,0
DA:50,0
DA:51,0
DA:54,0
BRDA:54,4,0,-
DA:55,0
DA:56,0
DA:57,0
DA:58,0
DA:64,0
FN:64,ExtendedTest.assertApproxEq
FNDA:0,ExtendedTest.assertApproxEq
DA:70,0
BRDA:70,5,0,-
BRDA:70,5,1,-
DA:71,0
BRDA:71,6,0,-
DA:72,0
DA:73,0
DA:74,0
DA:75,0
DA:78,0
BRDA:78,7,0,-
DA:79,0
DA:80,0
DA:81,0
DA:82,0
FNF:4
FNH:0
LF:40
LH:0
BRF:10
BRH:0
end_of_record
TN:
SF:src/test/utils/Setup.sol
DA:55,11
FN:55,Setup.setUp
FNDA:11,Setup.setUp
DA:56,11
DA:59,11
DA:62,11
DA:65,11
DA:67,11
DA:75,11
DA:77,11
DA:80,11
DA:81,11
DA:82,11
DA:83,11
DA:84,11
DA:85,11
DA:88,0
FN:88,Setup.setUpStrategy
FNDA:0,Setup.setUpStrategy
DA:90,11
DA:100,11
DA:101,11
DA:103,11
DA:106,0
FN:106,Setup.depositIntoStrategy
FNDA:0,Setup.depositIntoStrategy
DA:111,1829
DA:112,1829
DA:114,1829
DA:115,1829
DA:118,0
FN:118,Setup.mintAndDepositIntoStrategy
FNDA:0,Setup.mintAndDepositIntoStrategy
DA:123,1829
DA:124,1829
DA:128,0
FN:128,Setup.checkStrategyTotals
FNDA:0,Setup.checkStrategyTotals
DA:134,261
DA:135,261
DA:138,261
DA:139,261
DA:140,261
DA:141,261
DA:142,261
DA:143,261
DA:146,0
FN:146,Setup.airdrop
FNDA:0,Setup.airdrop
DA:147,2352
DA:148,2352
DA:151,0
FN:151,Setup.createProfitInTargetVault
FNDA:0,Setup.createProfitInTargetVault
DA:156,262
DA:157,262
DA:160,262
DA:165,262
DA:166,262
DA:167,262
DA:170,262
DA:173,262
DA:178,262
DA:185,262
DA:186,262
DA:189,262
DA:192,0
FN:192,Setup.setFees
FNDA:0,Setup.setFees
DA:193,261
DA:196,261
DA:197,261
DA:199,261
DA:200,261
DA:202,261
DA:203,261
DA:206,11
FN:206,Setup._setTokenAddrs
FNDA:11,Setup._setTokenAddrs
DA:207,11
DA:210,11
DA:211,11
DA:212,11
DA:213,11
DA:214,11
DA:215,11
DA:216,11
FNF:9
FNH:2
LF:69
LH:62
BRF:0
BRH:0
end_of_record
